[2026-03-26 06:29:59] Phase 1: Downloading 1440p stream...
[2026-03-26 06:29:59]    Attempt 1/3: Download video
[2026-03-26 06:34:17] Video: 10822s = 3 hour(s)
[2026-03-26 06:34:17] Phase 3: Generating scripts (one per hour)...
[2026-03-26 06:34:17]    Processing hour 1: 0s - 3600s
[2026-03-26 06:34:17]    Trying key ...U8LZas
[2026-03-26 06:34:19]    Script 1: 132 words
[2026-03-26 06:34:19]    Waiting 300s
[2026-03-26 06:36:44] B/s                     
[Merger] Merging formats into "/home/alph4r1us/Documents/Black-Mesa Laboratories/Lambda Cut 2.1/streams/Banishers： New Eden.mp4"
Deleting original file /home/alph4r1us/Documents/Black-Mesa Laboratories/Lambda Cut 2.1/streams/Banishers： New Eden.f299.mp4 (pass -k to keep)
Deleting original file /home/alph4r1us/Documents/Black-Mesa Laboratories/Lambda Cut 2.1/streams/Banishers： New Eden.f140.m4a (pass -k to keep)
[download] Finished downloading playlist: Completed Streams

[2026-03-26 06:36:44] Target: Banishers： New Eden.mp4 (10822s)
[2026-03-26 06:36:44] Phase 2: Transcript exists, skipping
[2026-03-26 06:36:44] Video: 10822s = 3 hour(s)
[2026-03-26 06:36:44] Phase 3: Generating scripts (one per hour)...
[2026-03-26 06:36:44]    Skipping script 1 (exists)
[2026-03-26 06:36:44]    Processing hour 2: 3600s - 7200s
[2026-03-26 06:36:44]    Trying key ...6RWW7c
[2026-03-26 06:36:45]    Script 2: 123 words
[2026-03-26 06:36:45]    Waiting 300s
[2026-03-26 06:39:19]    Skipping script 2 (exists)
[2026-03-26 06:39:19]    Processing hour 3: 7200s - 10800s
[2026-03-26 06:39:19]    Trying key ...rsrEbk
[2026-03-26 06:39:20]    Script 3: 135 words
[2026-03-26 06:39:20] Phase 4: Generating clips (scene-based)...
[2026-03-26 06:39:20]    Hour 1, scene 1: 2116s-2229s (113s)
[2026-03-26 06:39:49]    short_001_1.mp4 created (VAAPI)
[2026-03-26 06:39:49]    Hour 1, scene 2: 1307s-1386s (79s)
[2026-03-26 06:40:08]    short_001_2.mp4 created (VAAPI)
[2026-03-26 06:40:08]    Hour 1, scene 3: 249s-327s (78s)
[2026-03-26 06:40:28]    short_001_3.mp4 created (VAAPI)
[2026-03-26 06:40:28]    Hour 1, scene 4: 2654s-2743s (89s)
[2026-03-26 06:40:50]    short_001_4.mp4 created (VAAPI)
[2026-03-26 06:40:50]    Hour 1, scene 5: 3328s-3377s (49s)
[2026-03-26 06:41:02]    short_001_5.mp4 created (VAAPI)
[2026-03-26 06:41:02]    Hour 2, scene 1: 3600s-3930s (330s)
[2026-03-26 06:41:45]    Skipping script 3 (exists)
[2026-03-26 06:41:45] Phase 4: Generating clips (scene-based)...
[2026-03-26 06:41:46]    Skipping short_001_1.mp4 (exists)
[2026-03-26 06:41:46]    Skipping short_001_2.mp4 (exists)
[2026-03-26 06:41:46]    Skipping short_001_3.mp4 (exists)
[2026-03-26 06:41:46]    Skipping short_001_4.mp4 (exists)
[2026-03-26 06:41:46]    Skipping short_001_5.mp4 (exists)
[2026-03-26 06:41:46]    Skipping short_002_1.mp4 (exists)
[2026-03-26 06:41:46]    Hour 2, scene 2: 4241s-4468s (227s)
[2026-03-26 06:43:01]    short_002_1.mp4 created (VAAPI)
[2026-03-26 06:43:01]    Skipping short_002_2.mp4 (exists)
[2026-03-26 06:43:01]    Hour 2, scene 3: 6855s-7093s (238s)
[2026-03-26 06:43:37]    short_002_2.mp4 created (VAAPI)
[2026-03-26 06:43:37]    Skipping short_002_3.mp4 (exists)
[2026-03-26 06:43:37]    Hour 2, scene 4: 6441s-6578s (137s)
[2026-03-26 06:44:44]    short_002_4.mp4 created (VAAPI)
[2026-03-26 06:44:44]    Hour 2, scene 5: 7106s-7200s (94s)
[2026-03-26 06:44:57]    short_002_3.mp4 created (VAAPI)
[2026-03-26 06:44:57]    Skipping short_002_4.mp4 (exists)
[2026-03-26 06:44:57]    Skipping short_002_5.mp4 (exists)
[2026-03-26 06:44:57]    Hour 3, scene 1: 8414s-8711s (297s)
[2026-03-26 06:45:30]    short_002_5.mp4 created (VAAPI)
[2026-03-26 06:45:30]    Skipping short_003_1.mp4 (exists)
[2026-03-26 06:45:30]    Hour 3, scene 2: 9229s-9520s (291s)
[2026-03-26 06:47:22]    short_003_1.mp4 created (VAAPI)
[2026-03-26 06:47:22]    Skipping short_003_2.mp4 (exists)
[2026-03-26 06:47:22]    Hour 3, scene 3: 9684s-9876s (192s)
[2026-03-26 06:47:53]    short_003_2.mp4 created (VAAPI)
[2026-03-26 06:47:53]    Skipping short_003_3.mp4 (exists)
[2026-03-26 06:47:53]    Hour 3, scene 4: 10067s-10253s (186s)
[2026-03-26 06:48:57]    short_003_3.mp4 created (VAAPI)
[2026-03-26 06:48:57]    Skipping short_003_4.mp4 (exists)
[2026-03-26 06:48:57]    Hour 3, scene 5: 9044s-9179s (135s)
[2026-03-26 06:49:26]    short_003_4.mp4 created (VAAPI)
[2026-03-26 06:49:26]    Skipping short_003_5.mp4 (exists)
[2026-03-26 06:49:26] Phase 5: Generating TTS...
[2026-03-26 06:49:26]    Generating TTS for script 1...
[2026-03-26 06:49:46]    short_003_5.mp4 created (VAAPI)
[2026-03-26 06:49:46] Phase 5: Generating TTS...
[2026-03-26 06:49:46]    Generating TTS for script 1...
[2026-03-26 06:49:46]    tts_001.wav created
[2026-03-26 06:49:46]    Generating SRT for tts_001.wav...
[2026-03-26 06:49:53]    tts_001.srt created
[2026-03-26 06:49:53]    Waiting 300s
[2026-03-26 06:50:10]    tts_001.wav created
[2026-03-26 06:50:10]    tts_001.srt exists, skipping
[2026-03-26 06:50:10]    Waiting 300s
[2026-03-26 06:54:53]    Generating TTS for script 2...
[2026-03-26 06:55:10]    Generating TTS for script 2...
[2026-03-26 06:55:15]    tts_002.wav created
[2026-03-26 06:55:15]    Generating SRT for tts_002.wav...
[2026-03-26 06:55:21]    tts_002.srt created
[2026-03-26 06:55:21]    Waiting 300s
[2026-03-26 06:55:31]    tts_002.wav created
[2026-03-26 06:55:31]    tts_002.srt exists, skipping
[2026-03-26 06:55:31]    Waiting 300s
[2026-03-26 07:00:21]    Generating TTS for script 3...
[2026-03-26 07:00:31]    Generating TTS for script 3...
[2026-03-26 07:00:41]    tts_003.wav created
[2026-03-26 07:00:41]    Generating SRT for tts_003.wav...
[2026-03-26 07:00:47]    tts_003.srt created
[2026-03-26 07:00:47] Pipeline Complete!
[2026-03-26 07:00:50]    tts_003.wav created
[2026-03-26 07:00:50]    tts_003.srt exists, skipping
[2026-03-26 07:00:50] Pipeline Complete!
[2026-03-26 12:36:47] ERROR: No video found in streams/
[2026-03-26 12:37:00] Phase 1: Downloading 1440p stream...
[2026-03-26 12:37:01]    Attempt 1/3: Download video
[2026-03-26 12:44:10] ERROR: Telegram: HTTP Error 400: Bad Request
[2026-03-26 12:48:50] Phase 1: Downloading 1440p stream...
[2026-03-26 12:48:51]    Attempt 1/3: Download video
[2026-03-26 13:03:52] :00:38 at 4.09MiB/s   
[Merger] Merging formats into "/home/alph4r1us/Documents/Black-Mesa Laboratories/Lambda Cut 2.1/streams/Banishers： New Eden.webm"
Deleting original file /home/alph4r1us/Documents/Black-Mesa Laboratories/Lambda Cut 2.1/streams/Banishers： New Eden.f251.webm (pass -k to keep)
Deleting original file /home/alph4r1us/Documents/Black-Mesa Laboratories/Lambda Cut 2.1/streams/Banishers： New Eden.f400.mp4 (pass -k to keep)
[download] Finished downloading playlist: Completed Streams

[2026-03-26 13:03:53] Target: Banishers： New Eden.webm (10822s)
[2026-03-26 13:03:53] Video: 10822s = 3 hour(s)
[2026-03-26 13:03:53] Pipeline Complete!
[2026-03-26 13:04:27] Target: Banishers： New Eden.webm (10822s)
[2026-03-26 13:04:27] Video: 10822s = 3 hour(s)
[2026-03-26 13:04:27] Phase 3: Generating scripts (one per hour)...
[2026-03-26 13:04:28]    Processing hour 1: 0s - 3600s
[2026-03-26 13:04:28]    Trying key ...U8LZas
[2026-03-26 13:04:30]    Script 1: 97 words
[2026-03-26 13:04:31]    Waiting 300s
[2026-03-26 13:09:31]    Processing hour 2: 3600s - 7200s
[2026-03-26 13:09:31]    Trying key ...6RWW7c
[2026-03-26 13:09:33]    Script 2: 117 words
[2026-03-26 13:09:33]    Waiting 300s
[2026-03-26 13:14:33]    Processing hour 3: 7200s - 10800s
[2026-03-26 13:14:33]    Trying key ...rsrEbk
[2026-03-26 13:14:43]    Script 3: 96 words
[2026-03-26 13:14:45] Pipeline Complete!
[2026-03-26 13:16:58] Target: Banishers： New Eden.webm (10822s)
[2026-03-26 13:16:58] Video: 10822s = 3 hour(s)
[2026-03-26 13:16:58] Phase 5: Generating TTS...
[2026-03-26 13:16:59]    Generating TTS for script 1...
[2026-03-26 13:17:25]    tts_001.wav created
[2026-03-26 13:17:26]    Generating SRT for tts_001.wav...
[2026-03-26 13:17:34]    tts_001.srt created
[2026-03-26 13:17:34]    Waiting 300s
[2026-03-26 13:22:34]    Generating TTS for script 2...
[2026-03-26 13:23:13]    tts_002.wav created
[2026-03-26 13:23:14]    Generating SRT for tts_002.wav...
[2026-03-26 13:23:18]    tts_002.srt created
[2026-03-26 13:23:18]    Waiting 300s
[2026-03-26 13:28:18]    Generating TTS for script 3...
[2026-03-26 13:28:38]    tts_003.wav created
[2026-03-26 13:28:39]    Generating SRT for tts_003.wav...
[2026-03-26 13:28:43]    tts_003.srt created
[2026-03-26 13:28:44] Pipeline Complete!
[2026-03-26 13:31:31] Target: Banishers： New Eden.webm (10822s)
[2026-03-26 13:31:31] Video: 10822s = 3 hour(s)
[2026-03-26 13:31:31] Phase 4: Generating clips (scene-based)...
[2026-03-26 13:31:31]    Hour 1, scene 1: 2116s-2229s (113s)
[2026-03-26 13:32:20]    short_001_1.mp4 created (VAAPI)
[2026-03-26 13:32:20]    Hour 1, scene 2: 1307s-1386s (79s)
[2026-03-26 13:32:53]    short_001_2.mp4 created (VAAPI)
[2026-03-26 13:32:53]    Hour 1, scene 3: 249s-327s (78s)
[2026-03-26 13:33:27]    short_001_3.mp4 created (VAAPI)
[2026-03-26 13:33:27]    Hour 1, scene 4: 2654s-2743s (89s)
[2026-03-26 13:34:05]    short_001_4.mp4 created (VAAPI)
[2026-03-26 13:34:05]    Hour 1, scene 5: 3328s-3377s (49s)
[2026-03-26 13:34:26]    short_001_5.mp4 created (VAAPI)
[2026-03-26 13:34:26]    Hour 2, scene 1: 3600s-3930s (330s)
[2026-03-26 13:36:45]    short_002_1.mp4 created (VAAPI)
[2026-03-26 13:36:45]    Hour 2, scene 2: 4241s-4468s (227s)
[2026-03-26 13:38:21]    short_002_2.mp4 created (VAAPI)
[2026-03-26 13:38:21]    Hour 2, scene 3: 6855s-7093s (238s)
[2026-03-26 13:40:02]    short_002_3.mp4 created (VAAPI)
[2026-03-26 13:40:02]    Hour 2, scene 4: 6441s-6578s (137s)
[2026-03-26 13:41:00]    short_002_4.mp4 created (VAAPI)
[2026-03-26 13:41:00]    Hour 2, scene 5: 7106s-7200s (94s)
[2026-03-26 13:41:40]    short_002_5.mp4 created (VAAPI)
[2026-03-26 13:41:40]    Hour 3, scene 1: 8414s-8711s (297s)
[2026-03-26 13:43:46]    short_003_1.mp4 created (VAAPI)
[2026-03-26 13:43:46]    Hour 3, scene 2: 9229s-9520s (291s)
[2026-03-26 13:45:49]    short_003_2.mp4 created (VAAPI)
[2026-03-26 13:45:49]    Hour 3, scene 3: 9684s-9876s (192s)
[2026-03-26 13:47:15]    short_003_3.mp4 created (VAAPI)
[2026-03-26 13:47:15]    Hour 3, scene 4: 10067s-10253s (186s)
[2026-03-26 13:48:41]    short_003_4.mp4 created (VAAPI)
[2026-03-26 13:48:41]    Hour 3, scene 5: 9044s-9179s (135s)
[2026-03-26 13:49:40]    short_003_5.mp4 created (VAAPI)
[2026-03-26 13:49:40] Pipeline Complete!
[2026-03-26 14:14:46] Target: Banishers： New Eden.webm (10822s)
[2026-03-26 14:14:46] Video: 10822s = 3 hour(s)
[2026-03-26 14:14:46] Phase 4: Generating clips (scene-based)...
[2026-03-26 14:14:47]    Hour 1, scene 1: 2116s-2229s (113s)
[2026-03-26 14:15:35]    short_001_1.mp4 created (VAAPI)
[2026-03-26 14:15:35]    Hour 1, scene 2: 1307s-1386s (79s)
[2026-03-26 14:16:09]    short_001_2.mp4 created (VAAPI)
[2026-03-26 14:16:09]    Hour 1, scene 3: 249s-327s (78s)
[2026-03-26 14:16:43]    short_001_3.mp4 created (VAAPI)
[2026-03-26 14:16:43]    Hour 1, scene 4: 2654s-2743s (89s)
[2026-03-26 14:17:21]    short_001_4.mp4 created (VAAPI)
[2026-03-26 14:17:21]    Hour 1, scene 5: 3328s-3377s (49s)
[2026-03-26 14:17:45]    short_001_5.mp4 created (VAAPI)
[2026-03-26 14:17:45]    Hour 2, scene 1: 3600s-3930s (330s)
[2026-03-26 14:20:11]    short_002_1.mp4 created (VAAPI)
[2026-03-26 14:20:11]    Hour 2, scene 2: 4241s-4468s (227s)
[2026-03-26 14:21:46]    short_002_2.mp4 created (VAAPI)
[2026-03-26 14:21:46]    Hour 2, scene 3: 6855s-7093s (238s)
[2026-03-26 14:23:28]    short_002_3.mp4 created (VAAPI)
[2026-03-26 14:23:28]    Hour 2, scene 4: 6441s-6578s (137s)
[2026-03-26 14:24:29]    short_002_4.mp4 created (VAAPI)
[2026-03-26 14:24:29]    Hour 2, scene 5: 7106s-7200s (94s)
[2026-03-26 14:25:09]    short_002_5.mp4 created (VAAPI)
[2026-03-26 14:25:09]    Hour 3, scene 1: 8414s-8711s (297s)
[2026-03-26 14:27:15]    short_003_1.mp4 created (VAAPI)
[2026-03-26 14:27:15]    Hour 3, scene 2: 9229s-9520s (291s)
[2026-03-26 14:27:54] Target: Banishers： New Eden.webm (10822s)
[2026-03-26 14:27:54] Video: 10822s = 3 hour(s)
[2026-03-26 14:27:54] Phase 4: Generating clips (scene-based)...
[2026-03-26 14:27:55]    Hour 1, scene 1: 2116s-2229s (113s)
[2026-03-26 14:39:40] Target: Banishers： New Eden.webm (10822s)
[2026-03-26 14:39:40] Video: 10822s = 3 hour(s)
[2026-03-26 14:39:40] Phase 4: Generating clips (scene-based)...
[2026-03-26 14:39:40]    Hour 1, scene 1: 2116s-2229s (113s)
[2026-03-26 14:39:40] ERROR: Failed short_001_1.mp4: least one of its streams received no packets.
frame=    0 fps=0.0 q=0.0 Lsize=       0KiB time=N/A bitrate=N/A speed=N/A elapsed=0:00:00.15    
[aac @ 0x56276a8d4e40] Qavg: 211.042
Conversion failed!

[2026-03-26 14:39:40]    Hour 1, scene 2: 1307s-1386s (79s)
[2026-03-26 14:39:40] ERROR: Failed short_001_2.mp4: least one of its streams received no packets.
frame=    0 fps=0.0 q=0.0 Lsize=       0KiB time=N/A bitrate=N/A speed=N/A elapsed=0:00:00.28    
[aac @ 0x55597829ce40] Qavg: 235.662
Conversion failed!

[2026-03-26 14:39:40]    Hour 1, scene 3: 249s-327s (78s)
[2026-03-26 14:39:41] ERROR: Failed short_001_3.mp4: least one of its streams received no packets.
frame=    0 fps=0.0 q=0.0 Lsize=       0KiB time=N/A bitrate=N/A speed=N/A elapsed=0:00:00.52    
[aac @ 0x562fc23b0e40] Qavg: 239.685
Conversion failed!

[2026-03-26 14:39:41]    Hour 1, scene 4: 2654s-2743s (89s)
[2026-03-26 14:39:41] ERROR: Failed short_001_4.mp4: least one of its streams received no packets.
frame=    0 fps=0.0 q=0.0 Lsize=       0KiB time=N/A bitrate=N/A speed=N/A elapsed=0:00:00.06    
[aac @ 0x56456a5e9e40] Qavg: 272.978
Conversion failed!

[2026-03-26 14:39:41]    Hour 1, scene 5: 3328s-3377s (49s)
[2026-03-26 14:39:41] ERROR: Failed short_001_5.mp4: least one of its streams received no packets.
frame=    0 fps=0.0 q=0.0 Lsize=       0KiB time=N/A bitrate=N/A speed=N/A elapsed=0:00:00.30    
[aac @ 0x55c1be968e40] Qavg: 196.737
Conversion failed!

[2026-03-26 14:39:41]    Hour 2, scene 1: 3600s-3930s (330s)
[2026-03-26 14:39:41] ERROR: Failed short_002_1.mp4: east one of its streams received no packets.
frame=    0 fps=0.0 q=0.0 Lsize=       0KiB time=N/A bitrate=N/A speed=N/A elapsed=0:00:00.03    
[aac @ 0x563ff010ce40] Qavg: 6695.470
Conversion failed!

[2026-03-26 14:39:41]    Hour 2, scene 2: 4241s-4468s (227s)
[2026-03-26 14:39:42] ERROR: Failed short_002_2.mp4: least one of its streams received no packets.
frame=    0 fps=0.0 q=0.0 Lsize=       0KiB time=N/A bitrate=N/A speed=N/A elapsed=0:00:00.12    
[aac @ 0x556ee3b44e40] Qavg: 316.480
Conversion failed!

[2026-03-26 14:39:42]    Hour 2, scene 3: 6855s-7093s (238s)
[2026-03-26 14:39:42] ERROR: Failed short_002_3.mp4: least one of its streams received no packets.
frame=    0 fps=0.0 q=0.0 Lsize=       0KiB time=N/A bitrate=N/A speed=N/A elapsed=0:00:00.03    
[aac @ 0x5646d56afe40] Qavg: 210.858
Conversion failed!

[2026-03-26 14:39:42]    Hour 2, scene 4: 6441s-6578s (137s)
[2026-03-26 14:39:42] ERROR: Failed short_002_4.mp4: least one of its streams received no packets.
frame=    0 fps=0.0 q=0.0 Lsize=       0KiB time=N/A bitrate=N/A speed=N/A elapsed=0:00:00.17    
[aac @ 0x556bfbdb0e40] Qavg: 207.546
Conversion failed!

[2026-03-26 14:39:42]    Hour 2, scene 5: 7106s-7200s (94s)
[2026-03-26 14:39:42] ERROR: Failed short_002_5.mp4: least one of its streams received no packets.
frame=    0 fps=0.0 q=0.0 Lsize=       0KiB time=N/A bitrate=N/A speed=N/A elapsed=0:00:00.19    
[aac @ 0x559faaa54e40] Qavg: 222.729
Conversion failed!

[2026-03-26 14:39:42]    Hour 3, scene 1: 8414s-8711s (297s)
[2026-03-26 14:39:42] ERROR: Failed short_003_1.mp4: east one of its streams received no packets.
frame=    0 fps=0.0 q=0.0 Lsize=       0KiB time=N/A bitrate=N/A speed=N/A elapsed=0:00:00.31    
[aac @ 0x557258b2be40] Qavg: 6119.350
Conversion failed!

[2026-03-26 14:39:42]    Hour 3, scene 2: 9229s-9520s (291s)
[2026-03-26 14:39:43] ERROR: Failed short_003_2.mp4: least one of its streams received no packets.
frame=    0 fps=0.0 q=0.0 Lsize=       0KiB time=N/A bitrate=N/A speed=N/A elapsed=0:00:00.48    
[aac @ 0x565264615e40] Qavg: 160.625
Conversion failed!

[2026-03-26 14:39:43]    Hour 3, scene 3: 9684s-9876s (192s)
[2026-03-26 14:39:44] ERROR: Failed short_003_3.mp4: least one of its streams received no packets.
frame=    0 fps=0.0 q=0.0 Lsize=       0KiB time=N/A bitrate=N/A speed=N/A elapsed=0:00:00.56    
[aac @ 0x55932eae7e40] Qavg: 191.301
Conversion failed!

[2026-03-26 14:39:44]    Hour 3, scene 4: 10067s-10253s (186s)
[2026-03-26 14:39:44] ERROR: Failed short_003_4.mp4: least one of its streams received no packets.
frame=    0 fps=0.0 q=0.0 Lsize=       0KiB time=N/A bitrate=N/A speed=N/A elapsed=0:00:00.25    
[aac @ 0x55677aca2e40] Qavg: 245.060
Conversion failed!

[2026-03-26 14:39:44]    Hour 3, scene 5: 9044s-9179s (135s)
[2026-03-26 14:39:44] ERROR: Failed short_003_5.mp4: least one of its streams received no packets.
frame=    0 fps=0.0 q=0.0 Lsize=       0KiB time=N/A bitrate=N/A speed=N/A elapsed=0:00:00.61    
[aac @ 0x555daf4a5e40] Qavg: 194.628
Conversion failed!

[2026-03-26 14:39:44] Pipeline Complete!
[2026-03-26 14:41:58] Target: Banishers： New Eden.webm (10822s)
[2026-03-26 14:41:58] Video: 10822s = 3 hour(s)
[2026-03-26 14:41:58] Phase 4: Generating clips (scene-based)...
[2026-03-26 14:41:58]    Hour 1, scene 1: 2116s-2229s (113s)
[2026-03-26 14:41:59] ERROR: Failed short_001_1.mp4: least one of its streams received no packets.
frame=    0 fps=0.0 q=0.0 Lsize=       0KiB time=N/A bitrate=N/A speed=N/A elapsed=0:00:00.15    
[aac @ 0x55a46973ee40] Qavg: 211.042
Conversion failed!

[2026-03-26 14:41:59]    Hour 1, scene 2: 1307s-1386s (79s)
[2026-03-26 14:41:59] ERROR: Failed short_001_2.mp4: least one of its streams received no packets.
frame=    0 fps=0.0 q=0.0 Lsize=       0KiB time=N/A bitrate=N/A speed=N/A elapsed=0:00:00.26    
[aac @ 0x5646d2edce40] Qavg: 235.662
Conversion failed!

[2026-03-26 14:41:59]    Hour 1, scene 3: 249s-327s (78s)
[2026-03-26 14:41:59] ERROR: Failed short_001_3.mp4: least one of its streams received no packets.
frame=    0 fps=0.0 q=0.0 Lsize=       0KiB time=N/A bitrate=N/A speed=N/A elapsed=0:00:00.47    
[aac @ 0x562e7d64be40] Qavg: 239.685
Conversion failed!

[2026-03-26 14:41:59]    Hour 1, scene 4: 2654s-2743s (89s)
[2026-03-26 14:41:59] ERROR: Failed short_001_4.mp4: least one of its streams received no packets.
frame=    0 fps=0.0 q=0.0 Lsize=       0KiB time=N/A bitrate=N/A speed=N/A elapsed=0:00:00.05    
[aac @ 0x560fa797ce40] Qavg: 272.978
Conversion failed!

[2026-03-26 14:41:59]    Hour 1, scene 5: 3328s-3377s (49s)
[2026-03-26 14:42:00] ERROR: Failed short_001_5.mp4: least one of its streams received no packets.
frame=    0 fps=0.0 q=0.0 Lsize=       0KiB time=N/A bitrate=N/A speed=N/A elapsed=0:00:00.32    
[aac @ 0x557c98d36e40] Qavg: 196.737
Conversion failed!

[2026-03-26 14:42:00]    Hour 2, scene 1: 3600s-3930s (330s)
[2026-03-26 14:42:00] ERROR: Failed short_002_1.mp4: east one of its streams received no packets.
frame=    0 fps=0.0 q=0.0 Lsize=       0KiB time=N/A bitrate=N/A speed=N/A elapsed=0:00:00.03    
[aac @ 0x55f2841d4e40] Qavg: 6695.470
Conversion failed!

[2026-03-26 14:42:00]    Hour 2, scene 2: 4241s-4468s (227s)
[2026-03-26 14:42:00] ERROR: Failed short_002_2.mp4: least one of its streams received no packets.
frame=    0 fps=0.0 q=0.0 Lsize=       0KiB time=N/A bitrate=N/A speed=N/A elapsed=0:00:00.12    
[aac @ 0x556070750e40] Qavg: 316.480
Conversion failed!

[2026-03-26 14:42:00]    Hour 2, scene 3: 6855s-7093s (238s)
[2026-03-26 14:42:00] ERROR: Failed short_002_3.mp4: least one of its streams received no packets.
frame=    0 fps=0.0 q=0.0 Lsize=       0KiB time=N/A bitrate=N/A speed=N/A elapsed=0:00:00.03    
[aac @ 0x5601ef094e40] Qavg: 210.858
Conversion failed!

[2026-03-26 14:42:00]    Hour 2, scene 4: 6441s-6578s (137s)
[2026-03-26 14:42:00] ERROR: Failed short_002_4.mp4: least one of its streams received no packets.
frame=    0 fps=0.0 q=0.0 Lsize=       0KiB time=N/A bitrate=N/A speed=N/A elapsed=0:00:00.19    
[aac @ 0x559c5e5f1e40] Qavg: 207.546
Conversion failed!

[2026-03-26 14:42:00]    Hour 2, scene 5: 7106s-7200s (94s)
[2026-03-26 14:42:01] ERROR: Failed short_002_5.mp4: least one of its streams received no packets.
frame=    0 fps=0.0 q=0.0 Lsize=       0KiB time=N/A bitrate=N/A speed=N/A elapsed=0:00:00.18    
[aac @ 0x556b4562ee40] Qavg: 222.729
Conversion failed!

[2026-03-26 14:42:01]    Hour 3, scene 1: 8414s-8711s (297s)
[2026-03-26 14:42:01] ERROR: Failed short_003_1.mp4: least one of its streams received no packets.
frame=    0 fps=0.0 q=0.0 Lsize=       0KiB time=N/A bitrate=N/A speed=N/A elapsed=0:00:00.33    
[aac @ 0x56294d071e40] Qavg: 183.052
Conversion failed!

[2026-03-26 14:42:01]    Hour 3, scene 2: 9229s-9520s (291s)
[2026-03-26 14:42:02] ERROR: Failed short_003_2.mp4: least one of its streams received no packets.
frame=    0 fps=0.0 q=0.0 Lsize=       0KiB time=N/A bitrate=N/A speed=N/A elapsed=0:00:00.50    
[aac @ 0x55b8ffde1e40] Qavg: 160.625
Conversion failed!

[2026-03-26 14:42:02]    Hour 3, scene 3: 9684s-9876s (192s)
[2026-03-26 14:42:02] ERROR: Failed short_003_3.mp4: least one of its streams received no packets.
frame=    0 fps=0.0 q=0.0 Lsize=       0KiB time=N/A bitrate=N/A speed=N/A elapsed=0:00:00.56    
[aac @ 0x55e24022de40] Qavg: 191.301
Conversion failed!

[2026-03-26 14:42:02]    Hour 3, scene 4: 10067s-10253s (186s)
[2026-03-26 14:42:02] ERROR: Failed short_003_4.mp4: least one of its streams received no packets.
frame=    0 fps=0.0 q=0.0 Lsize=       0KiB time=N/A bitrate=N/A speed=N/A elapsed=0:00:00.24    
[aac @ 0x55c37799ee40] Qavg: 245.060
Conversion failed!

[2026-03-26 14:42:02]    Hour 3, scene 5: 9044s-9179s (135s)
[2026-03-26 14:42:03] ERROR: Failed short_003_5.mp4: least one of its streams received no packets.
frame=    0 fps=0.0 q=0.0 Lsize=       0KiB time=N/A bitrate=N/A speed=N/A elapsed=0:00:00.55    
[aac @ 0x5626484e8e40] Qavg: 193.397
Conversion failed!

[2026-03-26 14:42:03] Pipeline Complete!
[2026-03-26 14:45:43] ERROR: Telegram: <urlopen error [Errno 104] Connection reset by peer>
[2026-03-26 14:45:44] Target: Banishers： New Eden.webm (10822s)
[2026-03-26 14:45:44] Video: 10822s = 3 hour(s)
[2026-03-26 14:45:44] Phase 4: Generating clips (scene-based)...
[2026-03-26 14:45:44]    Skipping short_001_1.mp4 (exists)
[2026-03-26 14:45:44]    Skipping short_001_2.mp4 (exists)
[2026-03-26 14:45:44]    Skipping short_001_3.mp4 (exists)
[2026-03-26 14:45:44]    Skipping short_001_4.mp4 (exists)
[2026-03-26 14:45:44]    Skipping short_001_5.mp4 (exists)
[2026-03-26 14:45:44]    Skipping short_002_1.mp4 (exists)
[2026-03-26 14:45:44]    Skipping short_002_2.mp4 (exists)
[2026-03-26 14:45:44]    Skipping short_002_3.mp4 (exists)
[2026-03-26 14:45:44]    Skipping short_002_4.mp4 (exists)
[2026-03-26 14:45:44]    Skipping short_002_5.mp4 (exists)
[2026-03-26 14:45:44]    Skipping short_003_1.mp4 (exists)
[2026-03-26 14:45:44]    Skipping short_003_2.mp4 (exists)
[2026-03-26 14:45:44]    Skipping short_003_3.mp4 (exists)
[2026-03-26 14:45:44]    Skipping short_003_4.mp4 (exists)
[2026-03-26 14:45:44]    Skipping short_003_5.mp4 (exists)
[2026-03-26 14:45:44] Pipeline Complete!
[2026-03-26 14:46:07] ERROR: Telegram: HTTP Error 400: Bad Request
[2026-03-26 14:46:45] Target: Banishers： New Eden.webm (10822s)
[2026-03-26 14:46:45] Video: 10822s = 3 hour(s)
[2026-03-26 14:46:45] Phase 4: Generating clips (scene-based)...
[2026-03-26 14:46:46]    Hour 1, scene 1: 2116s-2229s (113s)
[2026-03-26 14:50:45]    short_001_1.mp4 created (CPU)
[2026-03-26 14:50:45]    Hour 1, scene 2: 1307s-1386s (79s)
[2026-03-26 14:53:44]    short_001_2.mp4 created (CPU)
[2026-03-26 14:53:44]    Hour 1, scene 3: 249s-327s (78s)
[2026-03-26 14:57:12]    short_001_3.mp4 created (CPU)
[2026-03-26 14:57:12]    Hour 1, scene 4: 2654s-2743s (89s)
[2026-03-26 14:58:41] Target: Banishers： New Eden.webm (10822s)
[2026-03-26 14:58:41] Video: 10822s = 3 hour(s)
[2026-03-26 14:58:41] Phase 4: Generating clips (scene-based)...
[2026-03-26 14:58:41]    Hour 1, scene 1: 2116s-2229s (113s)
[2026-03-26 14:58:41] ERROR: Failed short_001_1.mp4: least one of its streams received no packets.
frame=    0 fps=0.0 q=0.0 Lsize=       0KiB time=N/A bitrate=N/A speed=N/A elapsed=0:00:00.19    
[aac @ 0x558b5a002e40] Qavg: 207.243
Conversion failed!

[2026-03-26 14:58:41]    Hour 1, scene 2: 1307s-1386s (79s)
[2026-03-26 14:58:42] ERROR: Failed short_001_2.mp4: least one of its streams received no packets.
frame=    0 fps=0.0 q=0.0 Lsize=       0KiB time=N/A bitrate=N/A speed=N/A elapsed=0:00:00.33    
[aac @ 0x55c3946e1e40] Qavg: 235.662
Conversion failed!

[2026-03-26 14:58:42]    Hour 1, scene 3: 249s-327s (78s)
[2026-03-26 14:58:42] ERROR: Failed short_001_3.mp4: least one of its streams received no packets.
frame=    0 fps=0.0 q=0.0 Lsize=       0KiB time=N/A bitrate=N/A speed=N/A elapsed=0:00:00.55    
[aac @ 0x561dfcb2de40] Qavg: 238.171
Conversion failed!

[2026-03-26 14:58:42]    Hour 1, scene 4: 2654s-2743s (89s)
[2026-03-26 14:58:42] ERROR: Failed short_001_4.mp4: east one of its streams received no packets.
frame=    0 fps=0.0 q=0.0 Lsize=       0KiB time=N/A bitrate=N/A speed=N/A elapsed=0:00:00.06    
[aac @ 0x5576d5741e40] Qavg: 5658.541
Conversion failed!

[2026-03-26 14:58:42]    Hour 1, scene 5: 3328s-3377s (49s)
[2026-03-26 14:58:43] ERROR: Failed short_001_5.mp4: least one of its streams received no packets.
frame=    0 fps=0.0 q=0.0 Lsize=       0KiB time=N/A bitrate=N/A speed=N/A elapsed=0:00:00.34    
[aac @ 0x55bed1723e40] Qavg: 196.737
Conversion failed!

[2026-03-26 14:58:43]    Hour 2, scene 1: 3600s-3930s (330s)
[2026-03-26 14:58:43] ERROR: Failed short_002_1.mp4: east one of its streams received no packets.
frame=    0 fps=0.0 q=0.0 Lsize=       0KiB time=N/A bitrate=N/A speed=N/A elapsed=0:00:00.04    
[aac @ 0x55f8d63b6e40] Qavg: 6695.470
Conversion failed!

[2026-03-26 14:58:43]    Hour 2, scene 2: 4241s-4468s (227s)
[2026-03-26 14:58:43] ERROR: Failed short_002_2.mp4: least one of its streams received no packets.
frame=    0 fps=0.0 q=0.0 Lsize=       0KiB time=N/A bitrate=N/A speed=N/A elapsed=0:00:00.16    
[aac @ 0x564f76b02e40] Qavg: 316.480
Conversion failed!

[2026-03-26 14:58:43]    Hour 2, scene 3: 6855s-7093s (238s)
[2026-03-26 14:58:43] ERROR: Failed short_002_3.mp4: least one of its streams received no packets.
frame=    0 fps=0.0 q=0.0 Lsize=       0KiB time=N/A bitrate=N/A speed=N/A elapsed=0:00:00.04    
[aac @ 0x55a48847fe40] Qavg: 210.858
Conversion failed!

[2026-03-26 14:58:43]    Hour 2, scene 4: 6441s-6578s (137s)
[2026-03-26 14:58:43] ERROR: Failed short_002_4.mp4: least one of its streams received no packets.
frame=    0 fps=0.0 q=0.0 Lsize=       0KiB time=N/A bitrate=N/A speed=N/A elapsed=0:00:00.20    
[aac @ 0x5648e73a9e40] Qavg: 207.546
Conversion failed!

[2026-03-26 14:58:43]    Hour 2, scene 5: 7106s-7200s (94s)
[2026-03-26 14:58:44] ERROR: Failed short_002_5.mp4: least one of its streams received no packets.
frame=    0 fps=0.0 q=0.0 Lsize=       0KiB time=N/A bitrate=N/A speed=N/A elapsed=0:00:00.24    
[aac @ 0x563a7bcc9e40] Qavg: 222.729
Conversion failed!

[2026-03-26 14:58:44]    Hour 3, scene 1: 8414s-8711s (297s)
[2026-03-26 14:58:44] ERROR: Failed short_003_1.mp4: east one of its streams received no packets.
frame=    0 fps=0.0 q=0.0 Lsize=       0KiB time=N/A bitrate=N/A speed=N/A elapsed=0:00:00.40    
[aac @ 0x55d88fd0be40] Qavg: 6119.350
Conversion failed!

[2026-03-26 14:58:44]    Hour 3, scene 2: 9229s-9520s (291s)
[2026-03-26 14:58:45] ERROR: Failed short_003_2.mp4: least one of its streams received no packets.
frame=    0 fps=0.0 q=0.0 Lsize=       0KiB time=N/A bitrate=N/A speed=N/A elapsed=0:00:00.55    
[aac @ 0x55ad163b5e40] Qavg: 160.625
Conversion failed!

[2026-03-26 14:58:45]    Hour 3, scene 3: 9684s-9876s (192s)
[2026-03-26 14:58:45] ERROR: Failed short_003_3.mp4: least one of its streams received no packets.
frame=    0 fps=0.0 q=0.0 Lsize=       0KiB time=N/A bitrate=N/A speed=N/A elapsed=0:00:00.65    
[aac @ 0x55bfab7dfe40] Qavg: 191.301
Conversion failed!

[2026-03-26 14:58:45]    Hour 3, scene 4: 10067s-10253s (186s)
[2026-03-26 14:58:46] ERROR: Failed short_003_4.mp4: least one of its streams received no packets.
frame=    0 fps=0.0 q=0.0 Lsize=       0KiB time=N/A bitrate=N/A speed=N/A elapsed=0:00:00.28    
[aac @ 0x558ff255ae40] Qavg: 243.281
Conversion failed!

[2026-03-26 14:58:46]    Hour 3, scene 5: 9044s-9179s (135s)
[2026-03-26 14:58:46] ERROR: Failed short_003_5.mp4: least one of its streams received no packets.
frame=    0 fps=0.0 q=0.0 Lsize=       0KiB time=N/A bitrate=N/A speed=N/A elapsed=0:00:00.60    
[aac @ 0x5560fdaf2e40] Qavg: 193.397
Conversion failed!

[2026-03-26 14:58:46] Pipeline Complete!
[2026-03-26 15:00:56] Target: Banishers： New Eden.webm (10822s)
[2026-03-26 15:00:56] Video: 10822s = 3 hour(s)
[2026-03-26 15:00:56] Phase 4: Generating clips (scene-based)...
[2026-03-26 15:00:56]    Hour 1, scene 1: 2116s-2229s (113s)
[2026-03-26 15:00:56] ERROR: Failed short_001_1.mp4: least one of its streams received no packets.
frame=    0 fps=0.0 q=0.0 Lsize=       0KiB time=N/A bitrate=N/A speed=N/A elapsed=0:00:00.16    
[aac @ 0x557269c0ee40] Qavg: 207.243
Conversion failed!

[2026-03-26 15:00:56]    Hour 1, scene 2: 1307s-1386s (79s)
[2026-03-26 15:00:57] ERROR: Failed short_001_2.mp4: least one of its streams received no packets.
frame=    0 fps=0.0 q=0.0 Lsize=       0KiB time=N/A bitrate=N/A speed=N/A elapsed=0:00:00.30    
[aac @ 0x55f6e23abe40] Qavg: 235.662
Conversion failed!

[2026-03-26 15:00:57]    Hour 1, scene 3: 249s-327s (78s)
[2026-03-26 15:00:57] ERROR: Failed short_001_3.mp4: least one of its streams received no packets.
frame=    0 fps=0.0 q=0.0 Lsize=       0KiB time=N/A bitrate=N/A speed=N/A elapsed=0:00:00.54    
[aac @ 0x56329f7bae40] Qavg: 238.171
Conversion failed!

[2026-03-26 15:00:57]    Hour 1, scene 4: 2654s-2743s (89s)
[2026-03-26 15:00:57] ERROR: Failed short_001_4.mp4: east one of its streams received no packets.
frame=    0 fps=0.0 q=0.0 Lsize=       0KiB time=N/A bitrate=N/A speed=N/A elapsed=0:00:00.06    
[aac @ 0x5625f7642e40] Qavg: 5658.541
Conversion failed!

[2026-03-26 15:00:57]    Hour 1, scene 5: 3328s-3377s (49s)
[2026-03-26 15:00:58] ERROR: Failed short_001_5.mp4: least one of its streams received no packets.
frame=    0 fps=0.0 q=0.0 Lsize=       0KiB time=N/A bitrate=N/A speed=N/A elapsed=0:00:00.34    
[aac @ 0x562243f99e40] Qavg: 196.737
Conversion failed!

[2026-03-26 15:00:58]    Hour 2, scene 1: 3600s-3930s (330s)
[2026-03-26 15:00:58] ERROR: Failed short_002_1.mp4: east one of its streams received no packets.
frame=    0 fps=0.0 q=0.0 Lsize=       0KiB time=N/A bitrate=N/A speed=N/A elapsed=0:00:00.03    
[aac @ 0x5616b3e90e40] Qavg: 7419.357
Conversion failed!

[2026-03-26 15:00:58]    Hour 2, scene 2: 4241s-4468s (227s)
[2026-03-26 15:00:58] ERROR: Failed short_002_2.mp4: least one of its streams received no packets.
frame=    0 fps=0.0 q=0.0 Lsize=       0KiB time=N/A bitrate=N/A speed=N/A elapsed=0:00:00.13    
[aac @ 0x564583c2ce40] Qavg: 316.480
Conversion failed!

[2026-03-26 15:00:58]    Hour 2, scene 3: 6855s-7093s (238s)
[2026-03-26 15:00:58] ERROR: Failed short_002_3.mp4: least one of its streams received no packets.
frame=    0 fps=0.0 q=0.0 Lsize=       0KiB time=N/A bitrate=N/A speed=N/A elapsed=0:00:00.03    
[aac @ 0x5639d80b2e40] Qavg: 210.858
Conversion failed!

[2026-03-26 15:00:58]    Hour 2, scene 4: 6441s-6578s (137s)
[2026-03-26 15:00:58] ERROR: Failed short_002_4.mp4: least one of its streams received no packets.
frame=    0 fps=0.0 q=0.0 Lsize=       0KiB time=N/A bitrate=N/A speed=N/A elapsed=0:00:00.18    
[aac @ 0x56345f4dbe40] Qavg: 207.546
Conversion failed!

[2026-03-26 15:00:58]    Hour 2, scene 5: 7106s-7200s (94s)
[2026-03-26 15:00:59] ERROR: Failed short_002_5.mp4: least one of its streams received no packets.
frame=    0 fps=0.0 q=0.0 Lsize=       0KiB time=N/A bitrate=N/A speed=N/A elapsed=0:00:00.19    
[aac @ 0x559f2e2c1e40] Qavg: 222.729
Conversion failed!

[2026-03-26 15:00:59]    Hour 3, scene 1: 8414s-8711s (297s)
[2026-03-26 15:00:59] ERROR: Failed short_003_1.mp4: east one of its streams received no packets.
frame=    0 fps=0.0 q=0.0 Lsize=       0KiB time=N/A bitrate=N/A speed=N/A elapsed=0:00:00.35    
[aac @ 0x5567bddade40] Qavg: 6119.350
Conversion failed!

[2026-03-26 15:00:59]    Hour 3, scene 2: 9229s-9520s (291s)
[2026-03-26 15:01:00] ERROR: Failed short_003_2.mp4: least one of its streams received no packets.
frame=    0 fps=0.0 q=0.0 Lsize=       0KiB time=N/A bitrate=N/A speed=N/A elapsed=0:00:00.59    
[aac @ 0x55e30994ee40] Qavg: 160.625
Conversion failed!

[2026-03-26 15:01:00]    Hour 3, scene 3: 9684s-9876s (192s)
[2026-03-26 15:01:01] ERROR: Failed short_003_3.mp4: least one of its streams received no packets.
frame=    0 fps=0.0 q=0.0 Lsize=       0KiB time=N/A bitrate=N/A speed=N/A elapsed=0:00:00.71    
[aac @ 0x56047bd4ee40] Qavg: 193.171
Conversion failed!

[2026-03-26 15:01:01]    Hour 3, scene 4: 10067s-10253s (186s)
[2026-03-26 15:01:01] ERROR: Failed short_003_4.mp4: least one of its streams received no packets.
frame=    0 fps=0.0 q=0.0 Lsize=       0KiB time=N/A bitrate=N/A speed=N/A elapsed=0:00:00.28    
[aac @ 0x55adbf5d1e40] Qavg: 243.281
Conversion failed!

[2026-03-26 15:01:01]    Hour 3, scene 5: 9044s-9179s (135s)
[2026-03-26 15:01:02] ERROR: Failed short_003_5.mp4: least one of its streams received no packets.
frame=    0 fps=0.0 q=0.0 Lsize=       0KiB time=N/A bitrate=N/A speed=N/A elapsed=0:00:00.59    
[aac @ 0x55ba2e1c6e40] Qavg: 193.397
Conversion failed!

[2026-03-26 15:01:02] Pipeline Complete!
[2026-03-26 15:06:40] Target: Banishers： New Eden.webm (10822s)
[2026-03-26 15:06:40] Video: 10822s = 3 hour(s)
[2026-03-26 15:06:40] Phase 4: Generating clips (scene-based)...
[2026-03-26 15:06:40]    Skipping short_001_1.mp4 (exists)
[2026-03-26 15:06:40]    Skipping short_001_2.mp4 (exists)
[2026-03-26 15:06:40]    Skipping short_001_3.mp4 (exists)
[2026-03-26 15:06:40]    Skipping short_001_4.mp4 (exists)
[2026-03-26 15:06:40]    Skipping short_001_5.mp4 (exists)
[2026-03-26 15:06:40]    Skipping short_002_1.mp4 (exists)
[2026-03-26 15:06:40]    Skipping short_002_2.mp4 (exists)
[2026-03-26 15:06:40]    Skipping short_002_3.mp4 (exists)
[2026-03-26 15:06:40]    Skipping short_002_4.mp4 (exists)
[2026-03-26 15:06:40]    Skipping short_002_5.mp4 (exists)
[2026-03-26 15:06:40]    Skipping short_003_1.mp4 (exists)
[2026-03-26 15:06:40]    Skipping short_003_2.mp4 (exists)
[2026-03-26 15:06:40]    Skipping short_003_3.mp4 (exists)
[2026-03-26 15:06:40]    Skipping short_003_4.mp4 (exists)
[2026-03-26 15:06:40]    Skipping short_003_5.mp4 (exists)
[2026-03-26 15:06:40] Pipeline Complete!
[2026-03-26 15:07:13] Target: Banishers： New Eden.webm (10822s)
[2026-03-26 15:07:13] Video: 10822s = 3 hour(s)
[2026-03-26 15:07:13] Phase 4: Generating clips (scene-based)...
[2026-03-26 15:07:13]    Hour 1, scene 1: 2116s-2229s (113s)
[2026-03-26 15:07:13] ERROR: Failed short_001_1.mp4: least one of its streams received no packets.
frame=    0 fps=0.0 q=0.0 Lsize=       0KiB time=N/A bitrate=N/A speed=N/A elapsed=0:00:00.16    
[aac @ 0x5606416a9e40] Qavg: 211.042
Conversion failed!

[2026-03-26 15:07:13]    Hour 1, scene 2: 1307s-1386s (79s)
[2026-03-26 15:07:13] ERROR: Failed short_001_2.mp4: least one of its streams received no packets.
frame=    0 fps=0.0 q=0.0 Lsize=       0KiB time=N/A bitrate=N/A speed=N/A elapsed=0:00:00.32    
[aac @ 0x5572f336ce40] Qavg: 235.662
Conversion failed!

[2026-03-26 15:07:13]    Hour 1, scene 3: 249s-327s (78s)
[2026-03-26 15:07:14] ERROR: Failed short_001_3.mp4: least one of its streams received no packets.
frame=    0 fps=0.0 q=0.0 Lsize=       0KiB time=N/A bitrate=N/A speed=N/A elapsed=0:00:00.52    
[aac @ 0x55a5f05efe40] Qavg: 238.171
Conversion failed!

[2026-03-26 15:07:14]    Hour 1, scene 4: 2654s-2743s (89s)
[2026-03-26 15:07:14] ERROR: Failed short_001_4.mp4: east one of its streams received no packets.
frame=    0 fps=0.0 q=0.0 Lsize=       0KiB time=N/A bitrate=N/A speed=N/A elapsed=0:00:00.06    
[aac @ 0x55d5f9de3e40] Qavg: 5658.541
Conversion failed!

[2026-03-26 15:07:14]    Hour 1, scene 5: 3328s-3377s (49s)
[2026-03-26 15:07:14] ERROR: Failed short_001_5.mp4: least one of its streams received no packets.
frame=    0 fps=0.0 q=0.0 Lsize=       0KiB time=N/A bitrate=N/A speed=N/A elapsed=0:00:00.32    
[aac @ 0x557441e88e40] Qavg: 196.737
Conversion failed!

[2026-03-26 15:07:14]    Hour 2, scene 1: 3600s-3930s (330s)
[2026-03-26 15:07:14] ERROR: Failed short_002_1.mp4: east one of its streams received no packets.
frame=    0 fps=0.0 q=0.0 Lsize=       0KiB time=N/A bitrate=N/A speed=N/A elapsed=0:00:00.03    
[aac @ 0x560b0b6b5e40] Qavg: 7419.357
Conversion failed!

[2026-03-26 15:07:14]    Hour 2, scene 2: 4241s-4468s (227s)
[2026-03-26 15:07:15] ERROR: Failed short_002_2.mp4: least one of its streams received no packets.
frame=    0 fps=0.0 q=0.0 Lsize=       0KiB time=N/A bitrate=N/A speed=N/A elapsed=0:00:00.14    
[aac @ 0x55a280aeee40] Qavg: 316.480
Conversion failed!

[2026-03-26 15:07:15]    Hour 2, scene 3: 6855s-7093s (238s)
[2026-03-26 15:07:15] ERROR: Failed short_002_3.mp4: least one of its streams received no packets.
frame=    0 fps=0.0 q=0.0 Lsize=       0KiB time=N/A bitrate=N/A speed=N/A elapsed=0:00:00.04    
[aac @ 0x561bde83de40] Qavg: 210.858
Conversion failed!

[2026-03-26 15:07:15]    Hour 2, scene 4: 6441s-6578s (137s)
[2026-03-26 15:07:15] ERROR: Failed short_002_4.mp4: least one of its streams received no packets.
frame=    0 fps=0.0 q=0.0 Lsize=       0KiB time=N/A bitrate=N/A speed=N/A elapsed=0:00:00.17    
[aac @ 0x562d18585e40] Qavg: 207.546
Conversion failed!

[2026-03-26 15:07:15]    Hour 2, scene 5: 7106s-7200s (94s)
[2026-03-26 15:07:15] ERROR: Failed short_002_5.mp4: least one of its streams received no packets.
frame=    0 fps=0.0 q=0.0 Lsize=       0KiB time=N/A bitrate=N/A speed=N/A elapsed=0:00:00.18    
[aac @ 0x562507216e40] Qavg: 222.729
Conversion failed!

[2026-03-26 15:07:15]    Hour 3, scene 1: 8414s-8711s (297s)
[2026-03-26 15:07:16] ERROR: Failed short_003_1.mp4: east one of its streams received no packets.
frame=    0 fps=0.0 q=0.0 Lsize=       0KiB time=N/A bitrate=N/A speed=N/A elapsed=0:00:00.33    
[aac @ 0x5620bd5b3e40] Qavg: 5626.832
Conversion failed!

[2026-03-26 15:07:16]    Hour 3, scene 2: 9229s-9520s (291s)
[2026-03-26 15:07:16] ERROR: Failed short_003_2.mp4: least one of its streams received no packets.
frame=    0 fps=0.0 q=0.0 Lsize=       0KiB time=N/A bitrate=N/A speed=N/A elapsed=0:00:00.59    
[aac @ 0x55ef36c4ee40] Qavg: 160.625
Conversion failed!

[2026-03-26 15:07:16]    Hour 3, scene 3: 9684s-9876s (192s)
[2026-03-26 15:07:17] ERROR: Failed short_003_3.mp4: least one of its streams received no packets.
frame=    0 fps=0.0 q=0.0 Lsize=       0KiB time=N/A bitrate=N/A speed=N/A elapsed=0:00:00.63    
[aac @ 0x562e78351e40] Qavg: 191.301
Conversion failed!

[2026-03-26 15:07:17]    Hour 3, scene 4: 10067s-10253s (186s)
[2026-03-26 15:07:17] ERROR: Failed short_003_4.mp4: least one of its streams received no packets.
frame=    0 fps=0.0 q=0.0 Lsize=       0KiB time=N/A bitrate=N/A speed=N/A elapsed=0:00:00.30    
[aac @ 0x558d9d80ae40] Qavg: 245.060
Conversion failed!

[2026-03-26 15:07:17]    Hour 3, scene 5: 9044s-9179s (135s)
[2026-03-26 15:07:18] ERROR: Failed short_003_5.mp4: least one of its streams received no packets.
frame=    0 fps=0.0 q=0.0 Lsize=       0KiB time=N/A bitrate=N/A speed=N/A elapsed=0:00:00.58    
[aac @ 0x5583ef581e40] Qavg: 194.628
Conversion failed!

[2026-03-26 15:07:18] Pipeline Complete!
[2026-03-26 15:20:57] Target: Banishers： New Eden.webm (10822s)
[2026-03-26 15:20:57] Video: 10822s = 3 hour(s)
[2026-03-26 15:20:57] Phase 4: Generating clips (scene-based)...
[2026-03-26 15:20:57]    Hour 1, scene 1: 2116s-2229s (113s)
[2026-03-26 15:20:57] ERROR: Failed short_001_1.mp4: least one of its streams received no packets.
frame=    0 fps=0.0 q=0.0 Lsize=       0KiB time=N/A bitrate=N/A speed=N/A elapsed=0:00:00.16    
[aac @ 0x55ae6a534e40] Qavg: 207.243
Conversion failed!

[2026-03-26 15:20:57]    Hour 1, scene 2: 1307s-1386s (79s)
[2026-03-26 15:20:58] ERROR: Failed short_001_2.mp4: least one of its streams received no packets.
frame=    0 fps=0.0 q=0.0 Lsize=       0KiB time=N/A bitrate=N/A speed=N/A elapsed=0:00:00.30    
[aac @ 0x55de1c034e40] Qavg: 235.662
Conversion failed!

[2026-03-26 15:20:58]    Hour 1, scene 3: 249s-327s (78s)
[2026-03-26 15:20:58] ERROR: Failed short_001_3.mp4: least one of its streams received no packets.
frame=    0 fps=0.0 q=0.0 Lsize=       0KiB time=N/A bitrate=N/A speed=N/A elapsed=0:00:00.52    
[aac @ 0x5642d5e01e40] Qavg: 238.171
Conversion failed!

[2026-03-26 15:20:58]    Hour 1, scene 4: 2654s-2743s (89s)
[2026-03-26 15:20:58] ERROR: Failed short_001_4.mp4: east one of its streams received no packets.
frame=    0 fps=0.0 q=0.0 Lsize=       0KiB time=N/A bitrate=N/A speed=N/A elapsed=0:00:00.06    
[aac @ 0x556f8d4c6e40] Qavg: 5658.541
Conversion failed!

[2026-03-26 15:20:58]    Hour 1, scene 5: 3328s-3377s (49s)
[2026-03-26 15:20:59] ERROR: Failed short_001_5.mp4: least one of its streams received no packets.
frame=    0 fps=0.0 q=0.0 Lsize=       0KiB time=N/A bitrate=N/A speed=N/A elapsed=0:00:00.34    
[aac @ 0x5581a9cd3e40] Qavg: 196.737
Conversion failed!

[2026-03-26 15:20:59]    Hour 2, scene 1: 3600s-3930s (330s)
[2026-03-26 15:20:59] ERROR: Failed short_002_1.mp4: east one of its streams received no packets.
frame=    0 fps=0.0 q=0.0 Lsize=       0KiB time=N/A bitrate=N/A speed=N/A elapsed=0:00:00.04    
[aac @ 0x558607626e40] Qavg: 6695.470
Conversion failed!

[2026-03-26 15:20:59]    Hour 2, scene 2: 4241s-4468s (227s)
[2026-03-26 15:20:59] ERROR: Failed short_002_2.mp4: least one of its streams received no packets.
frame=    0 fps=0.0 q=0.0 Lsize=       0KiB time=N/A bitrate=N/A speed=N/A elapsed=0:00:00.15    
[aac @ 0x564ead3a3e40] Qavg: 316.480
Conversion failed!

[2026-03-26 15:20:59]    Hour 2, scene 3: 6855s-7093s (238s)
[2026-03-26 15:20:59] ERROR: Failed short_002_3.mp4: least one of its streams received no packets.
frame=    0 fps=0.0 q=0.0 Lsize=       0KiB time=N/A bitrate=N/A speed=N/A elapsed=0:00:00.04    
[aac @ 0x5601f0bf6e40] Qavg: 210.858
Conversion failed!

[2026-03-26 15:20:59]    Hour 2, scene 4: 6441s-6578s (137s)
[2026-03-26 15:20:59] ERROR: Failed short_002_4.mp4: least one of its streams received no packets.
frame=    0 fps=0.0 q=0.0 Lsize=       0KiB time=N/A bitrate=N/A speed=N/A elapsed=0:00:00.25    
[aac @ 0x55a3ee232e40] Qavg: 207.546
Conversion failed!

[2026-03-26 15:20:59]    Hour 2, scene 5: 7106s-7200s (94s)
[2026-03-26 15:21:00] ERROR: Failed short_002_5.mp4: least one of its streams received no packets.
frame=    0 fps=0.0 q=0.0 Lsize=       0KiB time=N/A bitrate=N/A speed=N/A elapsed=0:00:00.23    
[aac @ 0x561833ee6e40] Qavg: 222.729
Conversion failed!

[2026-03-26 15:21:00]    Hour 3, scene 1: 8414s-8711s (297s)
[2026-03-26 15:21:00] ERROR: Failed short_003_1.mp4: east one of its streams received no packets.
frame=    0 fps=0.0 q=0.0 Lsize=       0KiB time=N/A bitrate=N/A speed=N/A elapsed=0:00:00.44    
[aac @ 0x558b93252e40] Qavg: 6119.350
Conversion failed!

[2026-03-26 15:21:00]    Hour 3, scene 2: 9229s-9520s (291s)
[2026-03-26 15:21:01] ERROR: Failed short_003_2.mp4: least one of its streams received no packets.
frame=    0 fps=0.0 q=0.0 Lsize=       0KiB time=N/A bitrate=N/A speed=N/A elapsed=0:00:00.58    
[aac @ 0x559cb3b25e40] Qavg: 160.625
Conversion failed!

[2026-03-26 15:21:01]    Hour 3, scene 3: 9684s-9876s (192s)
[2026-03-26 15:21:02] ERROR: Failed short_003_3.mp4: least one of its streams received no packets.
frame=    0 fps=0.0 q=0.0 Lsize=       0KiB time=N/A bitrate=N/A speed=N/A elapsed=0:00:00.66    
[aac @ 0x559644b1ee40] Qavg: 191.301
Conversion failed!

[2026-03-26 15:21:02]    Hour 3, scene 4: 10067s-10253s (186s)
[2026-03-26 15:21:02] ERROR: Failed short_003_4.mp4: least one of its streams received no packets.
frame=    0 fps=0.0 q=0.0 Lsize=       0KiB time=N/A bitrate=N/A speed=N/A elapsed=0:00:00.26    
[aac @ 0x55b771197e40] Qavg: 243.281
Conversion failed!

[2026-03-26 15:21:02]    Hour 3, scene 5: 9044s-9179s (135s)
[2026-03-26 15:21:03] ERROR: Failed short_003_5.mp4: least one of its streams received no packets.
frame=    0 fps=0.0 q=0.0 Lsize=       0KiB time=N/A bitrate=N/A speed=N/A elapsed=0:00:00.56    
[aac @ 0x55ffe9fb3e40] Qavg: 191.876
Conversion failed!

[2026-03-26 15:21:03] Pipeline Complete!
[2026-03-26 15:36:20] Target: Banishers： New Eden.webm (10822s)
[2026-03-26 15:36:20] Video: 10822s = 3 hour(s)
[2026-03-26 15:36:20] Phase 4: Generating clips (scene-based)...
[2026-03-26 15:36:20]    Hour 1, scene 1: 2116s-2229s (113s)
[2026-03-26 15:36:20] ERROR: Failed short_001_1.mp4: least one of its streams received no packets.
frame=    0 fps=0.0 q=0.0 Lsize=       0KiB time=N/A bitrate=N/A speed=N/A elapsed=0:00:00.16    
[aac @ 0x55b42585ce40] Qavg: 207.243
Conversion failed!

[2026-03-26 15:36:20]    Hour 1, scene 2: 1307s-1386s (79s)
[2026-03-26 15:36:21] ERROR: Failed short_001_2.mp4: least one of its streams received no packets.
frame=    0 fps=0.0 q=0.0 Lsize=       0KiB time=N/A bitrate=N/A speed=N/A elapsed=0:00:00.29    
[aac @ 0x557e48d8be40] Qavg: 235.662
Conversion failed!

[2026-03-26 15:36:21]    Hour 1, scene 3: 249s-327s (78s)
[2026-03-26 15:36:21] ERROR: Failed short_001_3.mp4: least one of its streams received no packets.
frame=    0 fps=0.0 q=0.0 Lsize=       0KiB time=N/A bitrate=N/A speed=N/A elapsed=0:00:00.59    
[aac @ 0x55624e686e40] Qavg: 238.171
Conversion failed!

[2026-03-26 15:36:21]    Hour 1, scene 4: 2654s-2743s (89s)
[2026-03-26 15:36:22] ERROR: Failed short_001_4.mp4: east one of its streams received no packets.
frame=    0 fps=0.0 q=0.0 Lsize=       0KiB time=N/A bitrate=N/A speed=N/A elapsed=0:00:00.07    
[aac @ 0x55e79a5fbe40] Qavg: 5658.541
Conversion failed!

[2026-03-26 15:36:22]    Hour 1, scene 5: 3328s-3377s (49s)
[2026-03-26 15:36:22] ERROR: Failed short_001_5.mp4: least one of its streams received no packets.
frame=    0 fps=0.0 q=0.0 Lsize=       0KiB time=N/A bitrate=N/A speed=N/A elapsed=0:00:00.33    
[aac @ 0x55f8a83dce40] Qavg: 169.886
Conversion failed!

[2026-03-26 15:36:22]    Hour 2, scene 1: 3600s-3930s (330s)
[2026-03-26 15:36:22] ERROR: Failed short_002_1.mp4: east one of its streams received no packets.
frame=    0 fps=0.0 q=0.0 Lsize=       0KiB time=N/A bitrate=N/A speed=N/A elapsed=0:00:00.03    
[aac @ 0x556a47608e40] Qavg: 6695.470
Conversion failed!

[2026-03-26 15:36:22]    Hour 2, scene 2: 4241s-4468s (227s)
[2026-03-26 15:36:22] ERROR: Failed short_002_2.mp4: least one of its streams received no packets.
frame=    0 fps=0.0 q=0.0 Lsize=       0KiB time=N/A bitrate=N/A speed=N/A elapsed=0:00:00.14    
[aac @ 0x55a38e704e40] Qavg: 316.480
Conversion failed!

[2026-03-26 15:36:22]    Hour 2, scene 3: 6855s-7093s (238s)
[2026-03-26 15:36:22] ERROR: Failed short_002_3.mp4: least one of its streams received no packets.
frame=    0 fps=0.0 q=0.0 Lsize=       0KiB time=N/A bitrate=N/A speed=N/A elapsed=0:00:00.04    
[aac @ 0x561c52144e40] Qavg: 210.858
Conversion failed!

[2026-03-26 15:36:22]    Hour 2, scene 4: 6441s-6578s (137s)
[2026-03-26 15:36:23] ERROR: Failed short_002_4.mp4: least one of its streams received no packets.
frame=    0 fps=0.0 q=0.0 Lsize=       0KiB time=N/A bitrate=N/A speed=N/A elapsed=0:00:00.22    
[aac @ 0x5583d6e9ce40] Qavg: 207.546
Conversion failed!

[2026-03-26 15:36:23]    Hour 2, scene 5: 7106s-7200s (94s)
[2026-03-26 15:36:23] ERROR: Failed short_002_5.mp4: least one of its streams received no packets.
frame=    0 fps=0.0 q=0.0 Lsize=       0KiB time=N/A bitrate=N/A speed=N/A elapsed=0:00:00.22    
[aac @ 0x55f64857ae40] Qavg: 222.729
Conversion failed!

[2026-03-26 15:36:23]    Hour 3, scene 1: 8414s-8711s (297s)
[2026-03-26 15:36:23] ERROR: Failed short_003_1.mp4: east one of its streams received no packets.
frame=    0 fps=0.0 q=0.0 Lsize=       0KiB time=N/A bitrate=N/A speed=N/A elapsed=0:00:00.33    
[aac @ 0x563f19f29e40] Qavg: 6119.350
Conversion failed!

[2026-03-26 15:36:23]    Hour 3, scene 2: 9229s-9520s (291s)
[2026-03-26 15:36:24] ERROR: Failed short_003_2.mp4: least one of its streams received no packets.
frame=    0 fps=0.0 q=0.0 Lsize=       0KiB time=N/A bitrate=N/A speed=N/A elapsed=0:00:00.54    
[aac @ 0x55f692ae7e40] Qavg: 160.625
Conversion failed!

[2026-03-26 15:36:24]    Hour 3, scene 3: 9684s-9876s (192s)
[2026-03-26 15:36:25] ERROR: Failed short_003_3.mp4: least one of its streams received no packets.
frame=    0 fps=0.0 q=0.0 Lsize=       0KiB time=N/A bitrate=N/A speed=N/A elapsed=0:00:00.63    
[aac @ 0x564c47d28e40] Qavg: 191.301
Conversion failed!

[2026-03-26 15:36:25]    Hour 3, scene 4: 10067s-10253s (186s)
[2026-03-26 15:36:25] ERROR: Failed short_003_4.mp4: least one of its streams received no packets.
frame=    0 fps=0.0 q=0.0 Lsize=       0KiB time=N/A bitrate=N/A speed=N/A elapsed=0:00:00.24    
[aac @ 0x557a4ae2fe40] Qavg: 245.060
Conversion failed!

[2026-03-26 15:36:25]    Hour 3, scene 5: 9044s-9179s (135s)
[2026-03-26 15:36:25] ERROR: Failed short_003_5.mp4: least one of its streams received no packets.
frame=    0 fps=0.0 q=0.0 Lsize=       0KiB time=N/A bitrate=N/A speed=N/A elapsed=0:00:00.56    
[aac @ 0x55f988239e40] Qavg: 193.397
Conversion failed!

[2026-03-26 15:36:25] Pipeline Complete!
[2026-03-26 15:49:51] Target: Banishers： New Eden.webm (10822s)
[2026-03-26 15:49:51] Video: 10822s = 3 hour(s)
[2026-03-26 15:49:51] Phase 4: Generating clips (scene-based)...
[2026-03-26 15:49:51]    Hour 1, scene 1: 2116s-2229s (113s)
[2026-03-26 15:49:51] ERROR: Failed short_001_1.mp4: least one of its streams received no packets.
frame=    0 fps=0.0 q=0.0 Lsize=       0KiB time=N/A bitrate=N/A speed=N/A elapsed=0:00:00.16    
[aac @ 0x562b3d0ede40] Qavg: 211.042
Conversion failed!

[2026-03-26 15:49:51]    Hour 1, scene 2: 1307s-1386s (79s)
[2026-03-26 15:49:52] ERROR: Failed short_001_2.mp4: least one of its streams received no packets.
frame=    0 fps=0.0 q=0.0 Lsize=       0KiB time=N/A bitrate=N/A speed=N/A elapsed=0:00:00.35    
[aac @ 0x55f3f4390e40] Qavg: 235.662
Conversion failed!

[2026-03-26 15:49:52]    Hour 1, scene 3: 249s-327s (78s)
[2026-03-26 15:49:52] ERROR: Failed short_001_3.mp4: least one of its streams received no packets.
frame=    0 fps=0.0 q=0.0 Lsize=       0KiB time=N/A bitrate=N/A speed=N/A elapsed=0:00:00.57    
[aac @ 0x55d5236f8e40] Qavg: 239.685
Conversion failed!

[2026-03-26 15:49:52]    Hour 1, scene 4: 2654s-2743s (89s)
[2026-03-26 15:49:52] ERROR: Failed short_001_4.mp4: least one of its streams received no packets.
frame=    0 fps=0.0 q=0.0 Lsize=       0KiB time=N/A bitrate=N/A speed=N/A elapsed=0:00:00.06    
[aac @ 0x5654667d7e40] Qavg: 272.978
Conversion failed!

[2026-03-26 15:49:52]    Hour 1, scene 5: 3328s-3377s (49s)
[2026-03-26 15:49:53] ERROR: Failed short_001_5.mp4: least one of its streams received no packets.
frame=    0 fps=0.0 q=0.0 Lsize=       0KiB time=N/A bitrate=N/A speed=N/A elapsed=0:00:00.32    
[aac @ 0x563c11bcee40] Qavg: 196.737
Conversion failed!

[2026-03-26 15:49:53]    Hour 2, scene 1: 3600s-3930s (330s)
[2026-03-26 15:49:53] ERROR: Failed short_002_1.mp4: east one of its streams received no packets.
frame=    0 fps=0.0 q=0.0 Lsize=       0KiB time=N/A bitrate=N/A speed=N/A elapsed=0:00:00.03    
[aac @ 0x55b1b575be40] Qavg: 6103.272
Conversion failed!

[2026-03-26 15:49:53]    Hour 2, scene 2: 4241s-4468s (227s)
[2026-03-26 15:49:53] ERROR: Failed short_002_2.mp4: least one of its streams received no packets.
frame=    0 fps=0.0 q=0.0 Lsize=       0KiB time=N/A bitrate=N/A speed=N/A elapsed=0:00:00.14    
[aac @ 0x55eb33d0fe40] Qavg: 316.480
Conversion failed!

[2026-03-26 15:49:53]    Hour 2, scene 3: 6855s-7093s (238s)
[2026-03-26 15:49:53] ERROR: Failed short_002_3.mp4: least one of its streams received no packets.
frame=    0 fps=0.0 q=0.0 Lsize=       0KiB time=N/A bitrate=N/A speed=N/A elapsed=0:00:00.03    
[aac @ 0x556ed02ffe40] Qavg: 193.550
Conversion failed!

[2026-03-26 15:49:53]    Hour 2, scene 4: 6441s-6578s (137s)
[2026-03-26 15:49:53] ERROR: Failed short_002_4.mp4: least one of its streams received no packets.
frame=    0 fps=0.0 q=0.0 Lsize=       0KiB time=N/A bitrate=N/A speed=N/A elapsed=0:00:00.18    
[aac @ 0x55d22d72de40] Qavg: 207.546
Conversion failed!

[2026-03-26 15:49:53]    Hour 2, scene 5: 7106s-7200s (94s)
[2026-03-26 15:49:53] ERROR: Failed short_002_5.mp4: least one of its streams received no packets.
frame=    0 fps=0.0 q=0.0 Lsize=       0KiB time=N/A bitrate=N/A speed=N/A elapsed=0:00:00.18    
[aac @ 0x562601b77e40] Qavg: 225.950
Conversion failed!

[2026-03-26 15:49:54]    Hour 3, scene 1: 8414s-8711s (297s)
[2026-03-26 15:49:54] ERROR: Failed short_003_1.mp4: east one of its streams received no packets.
frame=    0 fps=0.0 q=0.0 Lsize=       0KiB time=N/A bitrate=N/A speed=N/A elapsed=0:00:00.31    
[aac @ 0x555997685e40] Qavg: 6119.350
Conversion failed!

[2026-03-26 15:49:54]    Hour 3, scene 2: 9229s-9520s (291s)
[2026-03-26 15:49:55] ERROR: Failed short_003_2.mp4: least one of its streams received no packets.
frame=    0 fps=0.0 q=0.0 Lsize=       0KiB time=N/A bitrate=N/A speed=N/A elapsed=0:00:00.58    
[aac @ 0x559ab1e35e40] Qavg: 160.625
Conversion failed!

[2026-03-26 15:49:55]    Hour 3, scene 3: 9684s-9876s (192s)
[2026-03-26 15:49:55] ERROR: Failed short_003_3.mp4: least one of its streams received no packets.
frame=    0 fps=0.0 q=0.0 Lsize=       0KiB time=N/A bitrate=N/A speed=N/A elapsed=0:00:00.62    
[aac @ 0x5610228a1e40] Qavg: 191.301
Conversion failed!

[2026-03-26 15:49:55]    Hour 3, scene 4: 10067s-10253s (186s)
[2026-03-26 15:49:55] ERROR: Failed short_003_4.mp4: least one of its streams received no packets.
frame=    0 fps=0.0 q=0.0 Lsize=       0KiB time=N/A bitrate=N/A speed=N/A elapsed=0:00:00.27    
[aac @ 0x561f50b00e40] Qavg: 245.060
Conversion failed!

[2026-03-26 15:49:55]    Hour 3, scene 5: 9044s-9179s (135s)
[2026-03-26 15:49:56] ERROR: Failed short_003_5.mp4: least one of its streams received no packets.
frame=    0 fps=0.0 q=0.0 Lsize=       0KiB time=N/A bitrate=N/A speed=N/A elapsed=0:00:00.65    
[aac @ 0x5608e61bbe40] Qavg: 194.628
Conversion failed!

[2026-03-26 15:49:56] Pipeline Complete!
[2026-03-26 15:56:25] Target: Banishers： New Eden.webm (10822s)
[2026-03-26 15:56:25] Video: 10822s = 3 hour(s)
[2026-03-26 15:56:25] Phase 4: Generating clips (scene-based)...
[2026-03-26 15:56:26]    Hour 1, scene 1: 2116s-2229s (113s)
[2026-03-26 15:57:14]    short_001_1.mp4 created (VAAPI)
[2026-03-26 15:57:14]    Hour 1, scene 2: 1307s-1386s (79s)
[2026-03-26 15:57:48]    short_001_2.mp4 created (VAAPI)
[2026-03-26 15:57:48]    Hour 1, scene 3: 249s-327s (78s)
[2026-03-26 15:58:23]    short_001_3.mp4 created (VAAPI)
[2026-03-26 15:58:23]    Hour 1, scene 4: 2654s-2743s (89s)
[2026-03-26 15:59:01]    short_001_4.mp4 created (VAAPI)
[2026-03-26 15:59:01]    Hour 1, scene 5: 3328s-3377s (49s)
[2026-03-26 15:59:22]    short_001_5.mp4 created (VAAPI)
[2026-03-26 15:59:23]    Hour 2, scene 1: 3600s-3930s (330s)
[2026-03-26 16:02:54] Target: Banishers： New Eden.webm (10822s)
[2026-03-26 16:02:54] Video: 10822s = 3 hour(s)
[2026-03-26 16:02:54] Phase 4: Generating clips (scene-based)...
[2026-03-26 16:02:55]    Hour 1, scene 1: 2116s-2229s (113s)
[2026-03-26 16:03:47]    short_001_1.mp4 created (VAAPI)
[2026-03-26 16:03:47]    Hour 1, scene 2: 1307s-1386s (79s)
[2026-03-26 16:04:24]    short_001_2.mp4 created (VAAPI)
[2026-03-26 16:04:24]    Hour 1, scene 3: 249s-327s (78s)
[2026-03-26 16:05:01]    short_001_3.mp4 created (VAAPI)
[2026-03-26 16:05:01]    Hour 1, scene 4: 2654s-2743s (89s)
[2026-03-26 16:05:41]    short_001_4.mp4 created (VAAPI)
[2026-03-26 16:05:41]    Hour 1, scene 5: 3328s-3377s (49s)
[2026-03-26 16:06:04]    short_001_5.mp4 created (VAAPI)
[2026-03-26 16:06:04]    Hour 2, scene 1: 3600s-3930s (330s)
[2026-03-26 16:08:33]    short_002_1.mp4 created (VAAPI)
[2026-03-26 16:08:33]    Hour 2, scene 2: 4241s-4468s (227s)
[2026-03-26 16:10:21]    short_002_2.mp4 created (VAAPI)
[2026-03-26 16:10:21]    Hour 2, scene 3: 6855s-7093s (238s)
[2026-03-26 16:12:21]    short_002_3.mp4 created (VAAPI)
[2026-03-26 16:12:21]    Hour 2, scene 4: 6441s-6578s (137s)
[2026-03-26 16:29:15] Target: Banishers： New Eden.webm (10822s)
[2026-03-26 16:29:15] Video: 10822s = 3 hour(s)
[2026-03-26 16:29:15] Phase 4: Generating clips (scene-based)...
[2026-03-26 16:29:16]    Skipping short_001_1.mp4 (exists)
[2026-03-26 16:29:16]    Skipping short_001_2.mp4 (exists)
[2026-03-26 16:29:16]    Skipping short_001_3.mp4 (exists)
[2026-03-26 16:29:16]    Skipping short_001_4.mp4 (exists)
[2026-03-26 16:29:16]    Skipping short_001_5.mp4 (exists)
[2026-03-26 16:29:16]    Skipping short_002_1.mp4 (exists)
[2026-03-26 16:29:16]    Skipping short_002_2.mp4 (exists)
[2026-03-26 16:29:16]    Skipping short_002_3.mp4 (exists)
[2026-03-26 16:29:16]    Skipping short_002_4.mp4 (exists)
[2026-03-26 16:29:16]    Hour 2, scene 5: 7106s-7200s (94s)
[2026-03-26 16:30:01]    short_002_5.mp4 created (VAAPI)
[2026-03-26 16:30:01]    Hour 3, scene 1: 8414s-8711s (297s)
[2026-03-26 16:32:19]    short_003_1.mp4 created (VAAPI)
[2026-03-26 16:32:19]    Hour 3, scene 2: 9229s-9520s (291s)
[2026-03-26 16:34:34]    short_003_2.mp4 created (VAAPI)
[2026-03-26 16:34:34]    Hour 3, scene 3: 9684s-9876s (192s)
[2026-03-26 16:36:04]    short_003_3.mp4 created (VAAPI)
[2026-03-26 16:36:04]    Hour 3, scene 4: 10067s-10253s (186s)
[2026-03-26 16:37:31]    short_003_4.mp4 created (VAAPI)
[2026-03-26 16:37:31]    Hour 3, scene 5: 9044s-9179s (135s)
[2026-03-26 16:38:34]    short_003_5.mp4 created (VAAPI)
[2026-03-26 16:38:35] Pipeline Complete!
