[2026-03-25 19:19:32] Phase 1: Downloading 1440p stream...
[2026-03-25 19:19:32]    Attempt 1/3: Download video
[2026-03-25 19:25:28] Phase 1: Downloading 1440p stream...
[2026-03-25 19:25:28]    Attempt 1/3: Download video
[2026-03-25 19:29:36] :00:05 at 18.14MiB/s  
[Merger] Merging formats into "/home/alph4r1us/Documents/Black-Mesa Laboratories/Lambda Cut 2.0/streams/Banishers： New Eden.webm"
Deleting original file /home/alph4r1us/Documents/Black-Mesa Laboratories/Lambda Cut 2.0/streams/Banishers： New Eden.f400.mp4 (pass -k to keep)
Deleting original file /home/alph4r1us/Documents/Black-Mesa Laboratories/Lambda Cut 2.0/streams/Banishers： New Eden.f251.webm (pass -k to keep)
[download] Finished downloading playlist: Completed Streams

[2026-03-25 19:29:36] Target: Banishers： New Eden.webm (7211s)
[2026-03-25 19:29:36] Phase 2: Transcribing via stable-ts...
[2026-03-25 19:42:24] Phase 1: Downloading 1440p stream...
[2026-03-25 19:42:24]    Attempt 1/3: Download video
[2026-03-25 19:42:28] 8: Downloading webpage
[youtube] bNzeLt9-ye8: Downloading tv downgraded player API JSON
[youtube] bNzeLt9-ye8: Downloading player 8180e7ff-main
[youtube] [jsc:deno] Solving JS challenges using deno
[youtube] bNzeLt9-ye8: Downloading m3u8 information
[info] bNzeLt9-ye8: Downloading 1 format(s): 400+251
[download] /home/alph4r1us/Documents/Black-Mesa Laboratories/Lambda Cut 2.0/streams/Banishers： New Eden.webm has already been downloaded
[download] Finished downloading playlist: Completed Streams

[2026-03-25 19:42:28] Target: Banishers： New Eden.webm (7211s)
[2026-03-25 19:42:28] Phase 2: Transcribing via stable-ts...
